{"/Users/jeffpettis/Codesmith Part-time/Sessions/client/index.js": {"path":"/Users/jeffpettis/Codesmith Part-time/Sessions/client/index.js","statementMap":{"0":{"start":{"line":9,"column":13},"end":{"line":9,"column":56}},"1":{"start":{"line":10,"column":0},"end":{"line":14,"column":2}}},"fnMap":{},"branchMap":{},"s":{"0":0,"1":0},"f":{},"b":{}}
,"/Users/jeffpettis/Codesmith Part-time/Sessions/client/components/App.jsx": {"path":"/Users/jeffpettis/Codesmith Part-time/Sessions/client/components/App.jsx","statementMap":{"0":{"start":{"line":11,"column":26},"end":{"line":11,"column":45}},"1":{"start":{"line":13,"column":12},"end":{"line":63,"column":1}},"2":{"start":{"line":14,"column":26},"end":{"line":14,"column":41}},"3":{"start":{"line":16,"column":2},"end":{"line":41,"column":9}},"4":{"start":{"line":17,"column":23},"end":{"line":17,"column":44}},"5":{"start":{"line":18,"column":19},"end":{"line":18,"column":36}},"6":{"start":{"line":20,"column":20},"end":{"line":35,"column":5}},"7":{"start":{"line":21,"column":6},"end":{"line":34,"column":7}},"8":{"start":{"line":22,"column":25},"end":{"line":24,"column":10}},"9":{"start":{"line":25,"column":8},"end":{"line":27,"column":9}},"10":{"start":{"line":26,"column":10},"end":{"line":26,"column":38}},"11":{"start":{"line":29,"column":8},"end":{"line":33,"column":9}},"12":{"start":{"line":30,"column":10},"end":{"line":30,"column":46}},"13":{"start":{"line":32,"column":10},"end":{"line":32,"column":53}},"14":{"start":{"line":36,"column":4},"end":{"line":36,"column":14}},"15":{"start":{"line":38,"column":4},"end":{"line":40,"column":6}},"16":{"start":{"line":39,"column":6},"end":{"line":39,"column":25}},"17":{"start":{"line":43,"column":21},"end":{"line":45,"column":3}},"18":{"start":{"line":44,"column":4},"end":{"line":44,"column":19}},"19":{"start":{"line":47,"column":2},"end":{"line":62,"column":4}}},"fnMap":{"0":{"name":"(anonymous_0)","decl":{"start":{"line":13,"column":12},"end":{"line":13,"column":13}},"loc":{"start":{"line":13,"column":18},"end":{"line":63,"column":1}},"line":13},"1":{"name":"(anonymous_1)","decl":{"start":{"line":16,"column":12},"end":{"line":16,"column":13}},"loc":{"start":{"line":16,"column":18},"end":{"line":41,"column":3}},"line":16},"2":{"name":"(anonymous_2)","decl":{"start":{"line":20,"column":20},"end":{"line":20,"column":21}},"loc":{"start":{"line":20,"column":32},"end":{"line":35,"column":5}},"line":20},"3":{"name":"(anonymous_3)","decl":{"start":{"line":38,"column":11},"end":{"line":38,"column":12}},"loc":{"start":{"line":38,"column":17},"end":{"line":40,"column":5}},"line":38},"4":{"name":"(anonymous_4)","decl":{"start":{"line":43,"column":21},"end":{"line":43,"column":22}},"loc":{"start":{"line":43,"column":27},"end":{"line":45,"column":3}},"line":43}},"branchMap":{"0":{"loc":{"start":{"line":25,"column":8},"end":{"line":27,"column":9}},"type":"if","locations":[{"start":{"line":25,"column":8},"end":{"line":27,"column":9}},{"start":{},"end":{}}],"line":25},"1":{"loc":{"start":{"line":29,"column":8},"end":{"line":33,"column":9}},"type":"if","locations":[{"start":{"line":29,"column":8},"end":{"line":33,"column":9}},{"start":{"line":31,"column":15},"end":{"line":33,"column":9}}],"line":29},"2":{"loc":{"start":{"line":56,"column":35},"end":{"line":56,"column":86}},"type":"cond-expr","locations":[{"start":{"line":56,"column":42},"end":{"line":56,"column":70}},{"start":{"line":56,"column":73},"end":{"line":56,"column":86}}],"line":56}},"s":{"0":0,"1":0,"2":0,"3":0,"4":0,"5":0,"6":0,"7":0,"8":0,"9":0,"10":0,"11":0,"12":0,"13":0,"14":0,"15":0,"16":0,"17":0,"18":0,"19":0},"f":{"0":0,"1":0,"2":0,"3":0,"4":0},"b":{"0":[0,0],"1":[0,0],"2":[0,0]}}
,"/Users/jeffpettis/Codesmith Part-time/Sessions/client/components/AthleteHomepage.jsx": {"path":"/Users/jeffpettis/Codesmith Part-time/Sessions/client/components/AthleteHomepage.jsx","statementMap":{"0":{"start":{"line":15,"column":38},"end":{"line":15,"column":57}},"1":{"start":{"line":17,"column":26},"end":{"line":34,"column":1}},"2":{"start":{"line":18,"column":2},"end":{"line":33,"column":3}},"3":{"start":{"line":20,"column":6},"end":{"line":23,"column":8}},"4":{"start":{"line":25,"column":6},"end":{"line":28,"column":8}},"5":{"start":{"line":30,"column":6},"end":{"line":30,"column":56}},"6":{"start":{"line":32,"column":6},"end":{"line":32,"column":19}},"7":{"start":{"line":36,"column":24},"end":{"line":194,"column":1}},"8":{"start":{"line":37,"column":48},"end":{"line":41,"column":4}},"9":{"start":{"line":42,"column":36},"end":{"line":42,"column":48}},"10":{"start":{"line":43,"column":46},"end":{"line":43,"column":58}},"11":{"start":{"line":44,"column":42},"end":{"line":44,"column":54}},"12":{"start":{"line":45,"column":38},"end":{"line":45,"column":50}},"13":{"start":{"line":46,"column":48},"end":{"line":46,"column":63}},"14":{"start":{"line":47,"column":53},"end":{"line":47,"column":86}},"15":{"start":{"line":48,"column":79},"end":{"line":48,"column":97}},"16":{"start":{"line":49,"column":41},"end":{"line":49,"column":58}},"17":{"start":{"line":53,"column":32},"end":{"line":67,"column":3}},"18":{"start":{"line":54,"column":4},"end":{"line":66,"column":5}},"19":{"start":{"line":56,"column":8},"end":{"line":56,"column":31}},"20":{"start":{"line":57,"column":8},"end":{"line":57,"column":14}},"21":{"start":{"line":59,"column":8},"end":{"line":59,"column":27}},"22":{"start":{"line":60,"column":8},"end":{"line":60,"column":14}},"23":{"start":{"line":62,"column":8},"end":{"line":62,"column":29}},"24":{"start":{"line":63,"column":8},"end":{"line":63,"column":14}},"25":{"start":{"line":65,"column":8},"end":{"line":65,"column":54}},"26":{"start":{"line":65,"column":42},"end":{"line":65,"column":52}},"27":{"start":{"line":70,"column":20},"end":{"line":79,"column":3}},"28":{"start":{"line":72,"column":4},"end":{"line":72,"column":56}},"29":{"start":{"line":74,"column":4},"end":{"line":74,"column":64}},"30":{"start":{"line":76,"column":4},"end":{"line":76,"column":26}},"31":{"start":{"line":77,"column":4},"end":{"line":77,"column":24}},"32":{"start":{"line":78,"column":4},"end":{"line":78,"column":30}},"33":{"start":{"line":82,"column":23},"end":{"line":100,"column":3}},"34":{"start":{"line":83,"column":4},"end":{"line":99,"column":5}},"35":{"start":{"line":84,"column":6},"end":{"line":98,"column":7}},"36":{"start":{"line":85,"column":89},"end":{"line":85,"column":96}},"37":{"start":{"line":86,"column":8},"end":{"line":89,"column":11}},"38":{"start":{"line":90,"column":8},"end":{"line":93,"column":11}},"39":{"start":{"line":94,"column":8},"end":{"line":94,"column":42}},"40":{"start":{"line":95,"column":8},"end":{"line":95,"column":38}},"41":{"start":{"line":96,"column":8},"end":{"line":96,"column":42}},"42":{"start":{"line":97,"column":8},"end":{"line":97,"column":40}},"43":{"start":{"line":103,"column":29},"end":{"line":109,"column":3}},"44":{"start":{"line":104,"column":4},"end":{"line":104,"column":21}},"45":{"start":{"line":106,"column":4},"end":{"line":108,"column":7}},"46":{"start":{"line":111,"column":27},"end":{"line":116,"column":3}},"47":{"start":{"line":112,"column":21},"end":{"line":112,"column":70}},"48":{"start":{"line":113,"column":4},"end":{"line":113,"column":51}},"49":{"start":{"line":114,"column":4},"end":{"line":114,"column":50}},"50":{"start":{"line":115,"column":4},"end":{"line":115,"column":50}},"51":{"start":{"line":119,"column":27},"end":{"line":144,"column":3}},"52":{"start":{"line":121,"column":4},"end":{"line":121,"column":23}},"53":{"start":{"line":123,"column":17},"end":{"line":129,"column":5}},"54":{"start":{"line":130,"column":4},"end":{"line":142,"column":5}},"55":{"start":{"line":131,"column":18},"end":{"line":131,"column":65}},"56":{"start":{"line":132,"column":6},"end":{"line":132,"column":18}},"57":{"start":{"line":133,"column":6},"end":{"line":133,"column":65}},"58":{"start":{"line":134,"column":11},"end":{"line":142,"column":5}},"59":{"start":{"line":135,"column":18},"end":{"line":135,"column":68}},"60":{"start":{"line":136,"column":6},"end":{"line":136,"column":18}},"61":{"start":{"line":137,"column":6},"end":{"line":137,"column":63}},"62":{"start":{"line":139,"column":18},"end":{"line":139,"column":53}},"63":{"start":{"line":140,"column":6},"end":{"line":140,"column":18}},"64":{"start":{"line":141,"column":6},"end":{"line":141,"column":62}},"65":{"start":{"line":143,"column":4},"end":{"line":143,"column":28}},"66":{"start":{"line":146,"column":27},"end":{"line":149,"column":3}},"67":{"start":{"line":147,"column":4},"end":{"line":147,"column":31}},"68":{"start":{"line":148,"column":4},"end":{"line":148,"column":23}},"69":{"start":{"line":151,"column":2},"end":{"line":193,"column":4}}},"fnMap":{"0":{"name":"(anonymous_0)","decl":{"start":{"line":17,"column":26},"end":{"line":17,"column":27}},"loc":{"start":{"line":17,"column":45},"end":{"line":34,"column":1}},"line":17},"1":{"name":"(anonymous_1)","decl":{"start":{"line":36,"column":24},"end":{"line":36,"column":25}},"loc":{"start":{"line":36,"column":30},"end":{"line":194,"column":1}},"line":36},"2":{"name":"(anonymous_2)","decl":{"start":{"line":53,"column":32},"end":{"line":53,"column":33}},"loc":{"start":{"line":53,"column":48},"end":{"line":67,"column":3}},"line":53},"3":{"name":"(anonymous_3)","decl":{"start":{"line":65,"column":27},"end":{"line":65,"column":28}},"loc":{"start":{"line":65,"column":42},"end":{"line":65,"column":52}},"line":65},"4":{"name":"(anonymous_4)","decl":{"start":{"line":70,"column":20},"end":{"line":70,"column":21}},"loc":{"start":{"line":70,"column":26},"end":{"line":79,"column":3}},"line":70},"5":{"name":"(anonymous_5)","decl":{"start":{"line":82,"column":23},"end":{"line":82,"column":24}},"loc":{"start":{"line":82,"column":31},"end":{"line":100,"column":3}},"line":82},"6":{"name":"(anonymous_6)","decl":{"start":{"line":103,"column":29},"end":{"line":103,"column":30}},"loc":{"start":{"line":103,"column":37},"end":{"line":109,"column":3}},"line":103},"7":{"name":"(anonymous_7)","decl":{"start":{"line":111,"column":27},"end":{"line":111,"column":28}},"loc":{"start":{"line":111,"column":44},"end":{"line":116,"column":3}},"line":111},"8":{"name":"(anonymous_8)","decl":{"start":{"line":119,"column":27},"end":{"line":119,"column":28}},"loc":{"start":{"line":119,"column":55},"end":{"line":144,"column":3}},"line":119},"9":{"name":"(anonymous_9)","decl":{"start":{"line":146,"column":27},"end":{"line":146,"column":28}},"loc":{"start":{"line":146,"column":47},"end":{"line":149,"column":3}},"line":146}},"branchMap":{"0":{"loc":{"start":{"line":18,"column":2},"end":{"line":33,"column":3}},"type":"switch","locations":[{"start":{"line":19,"column":4},"end":{"line":23,"column":8}},{"start":{"line":24,"column":4},"end":{"line":28,"column":8}},{"start":{"line":29,"column":4},"end":{"line":30,"column":56}},{"start":{"line":31,"column":4},"end":{"line":32,"column":19}}],"line":18},"1":{"loc":{"start":{"line":54,"column":4},"end":{"line":66,"column":5}},"type":"switch","locations":[{"start":{"line":55,"column":6},"end":{"line":57,"column":14}},{"start":{"line":58,"column":6},"end":{"line":60,"column":14}},{"start":{"line":61,"column":6},"end":{"line":63,"column":14}},{"start":{"line":64,"column":6},"end":{"line":65,"column":54}}],"line":54},"2":{"loc":{"start":{"line":84,"column":6},"end":{"line":98,"column":7}},"type":"if","locations":[{"start":{"line":84,"column":6},"end":{"line":98,"column":7}},{"start":{},"end":{}}],"line":84},"3":{"loc":{"start":{"line":130,"column":4},"end":{"line":142,"column":5}},"type":"if","locations":[{"start":{"line":130,"column":4},"end":{"line":142,"column":5}},{"start":{"line":134,"column":11},"end":{"line":142,"column":5}}],"line":130},"4":{"loc":{"start":{"line":134,"column":11},"end":{"line":142,"column":5}},"type":"if","locations":[{"start":{"line":134,"column":11},"end":{"line":142,"column":5}},{"start":{"line":138,"column":11},"end":{"line":142,"column":5}}],"line":134}},"s":{"0":0,"1":0,"2":0,"3":0,"4":0,"5":0,"6":0,"7":0,"8":0,"9":0,"10":0,"11":0,"12":0,"13":0,"14":0,"15":0,"16":0,"17":0,"18":0,"19":0,"20":0,"21":0,"22":0,"23":0,"24":0,"25":0,"26":0,"27":0,"28":0,"29":0,"30":0,"31":0,"32":0,"33":0,"34":0,"35":0,"36":0,"37":0,"38":0,"39":0,"40":0,"41":0,"42":0,"43":0,"44":0,"45":0,"46":0,"47":0,"48":0,"49":0,"50":0,"51":0,"52":0,"53":0,"54":0,"55":0,"56":0,"57":0,"58":0,"59":0,"60":0,"61":0,"62":0,"63":0,"64":0,"65":0,"66":0,"67":0,"68":0,"69":0},"f":{"0":0,"1":0,"2":0,"3":0,"4":0,"5":0,"6":0,"7":0,"8":0,"9":0},"b":{"0":[0,0,0,0],"1":[0,0,0,0],"2":[0,0],"3":[0,0],"4":[0,0]}}
,"/Users/jeffpettis/Codesmith Part-time/Sessions/client/components/BarChart.jsx": {"path":"/Users/jeffpettis/Codesmith Part-time/Sessions/client/components/BarChart.jsx","statementMap":{"0":{"start":{"line":5,"column":15},"end":{"line":5,"column":92}},"1":{"start":{"line":6,"column":13},"end":{"line":19,"column":1}},"2":{"start":{"line":21,"column":17},"end":{"line":39,"column":1}},"3":{"start":{"line":22,"column":28},"end":{"line":22,"column":62}},"4":{"start":{"line":23,"column":2},"end":{"line":38,"column":4}}},"fnMap":{"0":{"name":"(anonymous_0)","decl":{"start":{"line":21,"column":17},"end":{"line":21,"column":18}},"loc":{"start":{"line":21,"column":23},"end":{"line":39,"column":1}},"line":21}},"branchMap":{},"s":{"0":0,"1":0,"2":0,"3":0,"4":0},"f":{"0":0},"b":{}}
,"/Users/jeffpettis/Codesmith Part-time/Sessions/client/components/Calendar.jsx": {"path":"/Users/jeffpettis/Codesmith Part-time/Sessions/client/components/Calendar.jsx","statementMap":{"0":{"start":{"line":16,"column":17},"end":{"line":163,"column":1}},"1":{"start":{"line":17,"column":56},"end":{"line":17,"column":90}},"2":{"start":{"line":18,"column":30},"end":{"line":18,"column":45}},"3":{"start":{"line":19,"column":38},"end":{"line":19,"column":53}},"4":{"start":{"line":21,"column":22},"end":{"line":26,"column":3}},"5":{"start":{"line":22,"column":4},"end":{"line":25,"column":5}},"6":{"start":{"line":23,"column":6},"end":{"line":23,"column":23}},"7":{"start":{"line":24,"column":6},"end":{"line":24,"column":27}},"8":{"start":{"line":28,"column":27},"end":{"line":35,"column":3}},"9":{"start":{"line":29,"column":4},"end":{"line":34,"column":5}},"10":{"start":{"line":30,"column":6},"end":{"line":30,"column":27}},"11":{"start":{"line":32,"column":6},"end":{"line":32,"column":26}},"12":{"start":{"line":33,"column":6},"end":{"line":33,"column":22}},"13":{"start":{"line":37,"column":2},"end":{"line":162,"column":4}},"14":{"start":{"line":78,"column":12},"end":{"line":78,"column":32}},"15":{"start":{"line":80,"column":35},"end":{"line":80,"column":60}},"16":{"start":{"line":92,"column":18},"end":{"line":94,"column":21}},"17":{"start":{"line":95,"column":18},"end":{"line":95,"column":79}},"18":{"start":{"line":106,"column":18},"end":{"line":108,"column":21}},"19":{"start":{"line":109,"column":18},"end":{"line":109,"column":80}},"20":{"start":{"line":120,"column":18},"end":{"line":122,"column":21}},"21":{"start":{"line":123,"column":18},"end":{"line":123,"column":80}},"22":{"start":{"line":134,"column":18},"end":{"line":136,"column":21}},"23":{"start":{"line":137,"column":18},"end":{"line":140,"column":21}}},"fnMap":{"0":{"name":"(anonymous_0)","decl":{"start":{"line":16,"column":17},"end":{"line":16,"column":18}},"loc":{"start":{"line":16,"column":23},"end":{"line":163,"column":1}},"line":16},"1":{"name":"(anonymous_1)","decl":{"start":{"line":21,"column":22},"end":{"line":21,"column":23}},"loc":{"start":{"line":21,"column":28},"end":{"line":26,"column":3}},"line":21},"2":{"name":"(anonymous_2)","decl":{"start":{"line":28,"column":27},"end":{"line":28,"column":28}},"loc":{"start":{"line":28,"column":33},"end":{"line":35,"column":3}},"line":28},"3":{"name":"(anonymous_3)","decl":{"start":{"line":77,"column":20},"end":{"line":77,"column":21}},"loc":{"start":{"line":77,"column":27},"end":{"line":79,"column":11}},"line":77},"4":{"name":"(anonymous_4)","decl":{"start":{"line":80,"column":23},"end":{"line":80,"column":24}},"loc":{"start":{"line":80,"column":35},"end":{"line":80,"column":60}},"line":80},"5":{"name":"(anonymous_5)","decl":{"start":{"line":91,"column":25},"end":{"line":91,"column":26}},"loc":{"start":{"line":91,"column":31},"end":{"line":96,"column":17}},"line":91},"6":{"name":"(anonymous_6)","decl":{"start":{"line":105,"column":25},"end":{"line":105,"column":26}},"loc":{"start":{"line":105,"column":31},"end":{"line":110,"column":17}},"line":105},"7":{"name":"(anonymous_7)","decl":{"start":{"line":119,"column":25},"end":{"line":119,"column":26}},"loc":{"start":{"line":119,"column":31},"end":{"line":124,"column":17}},"line":119},"8":{"name":"(anonymous_8)","decl":{"start":{"line":133,"column":25},"end":{"line":133,"column":26}},"loc":{"start":{"line":133,"column":31},"end":{"line":141,"column":17}},"line":133}},"branchMap":{"0":{"loc":{"start":{"line":22,"column":4},"end":{"line":25,"column":5}},"type":"if","locations":[{"start":{"line":22,"column":4},"end":{"line":25,"column":5}},{"start":{},"end":{}}],"line":22},"1":{"loc":{"start":{"line":29,"column":4},"end":{"line":34,"column":5}},"type":"if","locations":[{"start":{"line":29,"column":4},"end":{"line":34,"column":5}},{"start":{"line":31,"column":11},"end":{"line":34,"column":5}}],"line":29},"2":{"loc":{"start":{"line":29,"column":8},"end":{"line":29,"column":47}},"type":"binary-expr","locations":[{"start":{"line":29,"column":8},"end":{"line":29,"column":27}},{"start":{"line":29,"column":31},"end":{"line":29,"column":47}}],"line":29},"3":{"loc":{"start":{"line":84,"column":9},"end":{"line":146,"column":9}},"type":"binary-expr","locations":[{"start":{"line":84,"column":9},"end":{"line":84,"column":15}},{"start":{"line":85,"column":10},"end":{"line":145,"column":16}}],"line":84},"4":{"loc":{"start":{"line":158,"column":11},"end":{"line":158,"column":74}},"type":"cond-expr","locations":[{"start":{"line":158,"column":25},"end":{"line":158,"column":59}},{"start":{"line":158,"column":62},"end":{"line":158,"column":74}}],"line":158}},"s":{"0":0,"1":0,"2":0,"3":0,"4":0,"5":0,"6":0,"7":0,"8":0,"9":0,"10":0,"11":0,"12":0,"13":0,"14":0,"15":0,"16":0,"17":0,"18":0,"19":0,"20":0,"21":0,"22":0,"23":0},"f":{"0":0,"1":0,"2":0,"3":0,"4":0,"5":0,"6":0,"7":0,"8":0},"b":{"0":[0,0],"1":[0,0],"2":[0,0],"3":[0,0],"4":[0,0]}}
,"/Users/jeffpettis/Codesmith Part-time/Sessions/client/components/LoginPage.jsx": {"path":"/Users/jeffpettis/Codesmith Part-time/Sessions/client/components/LoginPage.jsx","statementMap":{"0":{"start":{"line":7,"column":18},"end":{"line":156,"column":1}},"1":{"start":{"line":8,"column":34},"end":{"line":8,"column":46}},"2":{"start":{"line":9,"column":34},"end":{"line":9,"column":46}},"3":{"start":{"line":10,"column":19},"end":{"line":10,"column":32}},"4":{"start":{"line":12,"column":27},"end":{"line":26,"column":3}},"5":{"start":{"line":13,"column":4},"end":{"line":25,"column":5}},"6":{"start":{"line":14,"column":23},"end":{"line":17,"column":8}},"7":{"start":{"line":18,"column":6},"end":{"line":21,"column":7}},"8":{"start":{"line":19,"column":8},"end":{"line":19,"column":53}},"9":{"start":{"line":20,"column":8},"end":{"line":20,"column":31}},"10":{"start":{"line":23,"column":6},"end":{"line":23,"column":46}},"11":{"start":{"line":24,"column":6},"end":{"line":24,"column":26}},"12":{"start":{"line":28,"column":27},"end":{"line":36,"column":3}},"13":{"start":{"line":29,"column":4},"end":{"line":35,"column":5}},"14":{"start":{"line":31,"column":8},"end":{"line":31,"column":25}},"15":{"start":{"line":32,"column":8},"end":{"line":32,"column":14}},"16":{"start":{"line":34,"column":8},"end":{"line":34,"column":25}},"17":{"start":{"line":38,"column":27},"end":{"line":40,"column":3}},"18":{"start":{"line":39,"column":4},"end":{"line":39,"column":24}},"19":{"start":{"line":42,"column":2},"end":{"line":155,"column":4}},"20":{"start":{"line":102,"column":31},"end":{"line":102,"column":75}},"21":{"start":{"line":112,"column":31},"end":{"line":112,"column":63}}},"fnMap":{"0":{"name":"(anonymous_0)","decl":{"start":{"line":7,"column":18},"end":{"line":7,"column":19}},"loc":{"start":{"line":7,"column":24},"end":{"line":156,"column":1}},"line":7},"1":{"name":"(anonymous_1)","decl":{"start":{"line":12,"column":27},"end":{"line":12,"column":28}},"loc":{"start":{"line":12,"column":39},"end":{"line":26,"column":3}},"line":12},"2":{"name":"(anonymous_2)","decl":{"start":{"line":28,"column":27},"end":{"line":28,"column":28}},"loc":{"start":{"line":28,"column":43},"end":{"line":36,"column":3}},"line":28},"3":{"name":"(anonymous_3)","decl":{"start":{"line":38,"column":27},"end":{"line":38,"column":28}},"loc":{"start":{"line":38,"column":33},"end":{"line":40,"column":3}},"line":38},"4":{"name":"(anonymous_4)","decl":{"start":{"line":102,"column":24},"end":{"line":102,"column":25}},"loc":{"start":{"line":102,"column":31},"end":{"line":102,"column":75}},"line":102},"5":{"name":"(anonymous_5)","decl":{"start":{"line":112,"column":24},"end":{"line":112,"column":25}},"loc":{"start":{"line":112,"column":31},"end":{"line":112,"column":63}},"line":112}},"branchMap":{"0":{"loc":{"start":{"line":18,"column":6},"end":{"line":21,"column":7}},"type":"if","locations":[{"start":{"line":18,"column":6},"end":{"line":21,"column":7}},{"start":{},"end":{}}],"line":18},"1":{"loc":{"start":{"line":29,"column":4},"end":{"line":35,"column":5}},"type":"switch","locations":[{"start":{"line":30,"column":6},"end":{"line":32,"column":14}},{"start":{"line":33,"column":6},"end":{"line":34,"column":25}}],"line":29}},"s":{"0":0,"1":0,"2":0,"3":0,"4":0,"5":0,"6":0,"7":0,"8":0,"9":0,"10":0,"11":0,"12":0,"13":0,"14":0,"15":0,"16":0,"17":0,"18":0,"19":0,"20":0,"21":0},"f":{"0":0,"1":0,"2":0,"3":0,"4":0,"5":0},"b":{"0":[0,0],"1":[0,0]}}
,"/Users/jeffpettis/Codesmith Part-time/Sessions/client/components/NewWorkoutFormDialog.jsx": {"path":"/Users/jeffpettis/Codesmith Part-time/Sessions/client/components/NewWorkoutFormDialog.jsx","statementMap":{"0":{"start":{"line":32,"column":6},"end":{"line":32,"column":40}},"1":{"start":{"line":34,"column":2},"end":{"line":122,"column":4}},"2":{"start":{"line":41,"column":14},"end":{"line":41,"column":34}},"3":{"start":{"line":62,"column":20},"end":{"line":65,"column":22}},"4":{"start":{"line":84,"column":31},"end":{"line":84,"column":93}},"5":{"start":{"line":98,"column":31},"end":{"line":98,"column":91}},"6":{"start":{"line":110,"column":18},"end":{"line":110,"column":44}}},"fnMap":{"0":{"name":"FormDialog","decl":{"start":{"line":19,"column":24},"end":{"line":19,"column":34}},"loc":{"start":{"line":19,"column":37},"end":{"line":123,"column":1}},"line":19},"1":{"name":"(anonymous_1)","decl":{"start":{"line":40,"column":22},"end":{"line":40,"column":23}},"loc":{"start":{"line":40,"column":29},"end":{"line":42,"column":13}},"line":40},"2":{"name":"(anonymous_2)","decl":{"start":{"line":61,"column":28},"end":{"line":61,"column":29}},"loc":{"start":{"line":62,"column":20},"end":{"line":65,"column":22}},"line":62},"3":{"name":"(anonymous_3)","decl":{"start":{"line":84,"column":24},"end":{"line":84,"column":25}},"loc":{"start":{"line":84,"column":31},"end":{"line":84,"column":93}},"line":84},"4":{"name":"(anonymous_4)","decl":{"start":{"line":98,"column":24},"end":{"line":98,"column":25}},"loc":{"start":{"line":98,"column":31},"end":{"line":98,"column":91}},"line":98},"5":{"name":"(anonymous_5)","decl":{"start":{"line":109,"column":25},"end":{"line":109,"column":26}},"loc":{"start":{"line":109,"column":32},"end":{"line":111,"column":17}},"line":109}},"branchMap":{},"s":{"0":0,"1":0,"2":0,"3":0,"4":0,"5":0,"6":0},"f":{"0":0,"1":0,"2":0,"3":0,"4":0,"5":0},"b":{}}
,"/Users/jeffpettis/Codesmith Part-time/Sessions/client/components/PieChart.jsx": {"path":"/Users/jeffpettis/Codesmith Part-time/Sessions/client/components/PieChart.jsx","statementMap":{"0":{"start":{"line":6,"column":17},"end":{"line":37,"column":1}},"1":{"start":{"line":7,"column":28},"end":{"line":7,"column":62}},"2":{"start":{"line":9,"column":2},"end":{"line":36,"column":4}}},"fnMap":{"0":{"name":"(anonymous_0)","decl":{"start":{"line":6,"column":17},"end":{"line":6,"column":18}},"loc":{"start":{"line":6,"column":23},"end":{"line":37,"column":1}},"line":6}},"branchMap":{"0":{"loc":{"start":{"line":20,"column":7},"end":{"line":26,"column":7}},"type":"cond-expr","locations":[{"start":{"line":21,"column":8},"end":{"line":23,"column":16}},{"start":{"line":25,"column":8},"end":{"line":25,"column":86}}],"line":20}},"s":{"0":0,"1":0,"2":0},"f":{"0":0},"b":{"0":[0,0]}}
,"/Users/jeffpettis/Codesmith Part-time/Sessions/client/components/SignUp.jsx": {"path":"/Users/jeffpettis/Codesmith Part-time/Sessions/client/components/SignUp.jsx","statementMap":{"0":{"start":{"line":7,"column":19},"end":{"line":127,"column":1}},"1":{"start":{"line":8,"column":34},"end":{"line":8,"column":46}},"2":{"start":{"line":9,"column":34},"end":{"line":9,"column":46}},"3":{"start":{"line":10,"column":19},"end":{"line":10,"column":32}},"4":{"start":{"line":12,"column":28},"end":{"line":23,"column":3}},"5":{"start":{"line":13,"column":4},"end":{"line":22,"column":5}},"6":{"start":{"line":14,"column":6},"end":{"line":14,"column":25}},"7":{"start":{"line":15,"column":23},"end":{"line":18,"column":8}},"8":{"start":{"line":19,"column":6},"end":{"line":19,"column":20}},"9":{"start":{"line":21,"column":6},"end":{"line":21,"column":23}},"10":{"start":{"line":25,"column":28},"end":{"line":33,"column":3}},"11":{"start":{"line":26,"column":4},"end":{"line":32,"column":5}},"12":{"start":{"line":28,"column":8},"end":{"line":28,"column":25}},"13":{"start":{"line":29,"column":8},"end":{"line":29,"column":14}},"14":{"start":{"line":31,"column":8},"end":{"line":31,"column":25}},"15":{"start":{"line":35,"column":2},"end":{"line":126,"column":4}},"16":{"start":{"line":95,"column":33},"end":{"line":95,"column":78}},"17":{"start":{"line":104,"column":33},"end":{"line":104,"column":66}}},"fnMap":{"0":{"name":"(anonymous_0)","decl":{"start":{"line":7,"column":19},"end":{"line":7,"column":20}},"loc":{"start":{"line":7,"column":25},"end":{"line":127,"column":1}},"line":7},"1":{"name":"(anonymous_1)","decl":{"start":{"line":12,"column":28},"end":{"line":12,"column":29}},"loc":{"start":{"line":12,"column":41},"end":{"line":23,"column":3}},"line":12},"2":{"name":"(anonymous_2)","decl":{"start":{"line":25,"column":28},"end":{"line":25,"column":29}},"loc":{"start":{"line":25,"column":44},"end":{"line":33,"column":3}},"line":25},"3":{"name":"(anonymous_3)","decl":{"start":{"line":95,"column":26},"end":{"line":95,"column":27}},"loc":{"start":{"line":95,"column":33},"end":{"line":95,"column":78}},"line":95},"4":{"name":"(anonymous_4)","decl":{"start":{"line":104,"column":26},"end":{"line":104,"column":27}},"loc":{"start":{"line":104,"column":33},"end":{"line":104,"column":66}},"line":104}},"branchMap":{"0":{"loc":{"start":{"line":26,"column":4},"end":{"line":32,"column":5}},"type":"switch","locations":[{"start":{"line":27,"column":6},"end":{"line":29,"column":14}},{"start":{"line":30,"column":6},"end":{"line":31,"column":25}}],"line":26}},"s":{"0":0,"1":0,"2":0,"3":0,"4":0,"5":0,"6":0,"7":0,"8":0,"9":0,"10":0,"11":0,"12":0,"13":0,"14":0,"15":0,"16":0,"17":0},"f":{"0":0,"1":0,"2":0,"3":0,"4":0},"b":{"0":[0,0]}}
,"/Users/jeffpettis/Codesmith Part-time/Sessions/client/components/UpcomingCoachingSessions.jsx": {"path":"/Users/jeffpettis/Codesmith Part-time/Sessions/client/components/UpcomingCoachingSessions.jsx","statementMap":{"0":{"start":{"line":15,"column":16},"end":{"line":18,"column":1}},"1":{"start":{"line":19,"column":13},"end":{"line":22,"column":1}},"2":{"start":{"line":25,"column":2},"end":{"line":25,"column":35}},"3":{"start":{"line":28,"column":33},"end":{"line":125,"column":1}},"4":{"start":{"line":29,"column":26},"end":{"line":29,"column":43}},"5":{"start":{"line":30,"column":40},"end":{"line":30,"column":58}},"6":{"start":{"line":31,"column":56},"end":{"line":31,"column":77}},"7":{"start":{"line":34,"column":23},"end":{"line":44,"column":3}},"8":{"start":{"line":35,"column":4},"end":{"line":37,"column":5}},"9":{"start":{"line":36,"column":6},"end":{"line":36,"column":24}},"10":{"start":{"line":38,"column":4},"end":{"line":40,"column":5}},"11":{"start":{"line":39,"column":6},"end":{"line":39,"column":24}},"12":{"start":{"line":41,"column":4},"end":{"line":43,"column":5}},"13":{"start":{"line":42,"column":6},"end":{"line":42,"column":25}},"14":{"start":{"line":46,"column":2},"end":{"line":52,"column":9}},"15":{"start":{"line":47,"column":4},"end":{"line":47,"column":52}},"16":{"start":{"line":48,"column":4},"end":{"line":51,"column":5}},"17":{"start":{"line":49,"column":6},"end":{"line":49,"column":21}},"18":{"start":{"line":50,"column":6},"end":{"line":50,"column":35}},"19":{"start":{"line":54,"column":27},"end":{"line":56,"column":3}},"20":{"start":{"line":55,"column":4},"end":{"line":55,"column":21}},"21":{"start":{"line":57,"column":2},"end":{"line":124,"column":4}},"22":{"start":{"line":89,"column":16},"end":{"line":100,"column":18}},"23":{"start":{"line":92,"column":36},"end":{"line":92,"column":50}},"24":{"start":{"line":93,"column":22},"end":{"line":97,"column":24}}},"fnMap":{"0":{"name":"createData","decl":{"start":{"line":24,"column":9},"end":{"line":24,"column":19}},"loc":{"start":{"line":24,"column":43},"end":{"line":26,"column":1}},"line":24},"1":{"name":"(anonymous_1)","decl":{"start":{"line":28,"column":33},"end":{"line":28,"column":34}},"loc":{"start":{"line":28,"column":39},"end":{"line":125,"column":1}},"line":28},"2":{"name":"(anonymous_2)","decl":{"start":{"line":34,"column":23},"end":{"line":34,"column":24}},"loc":{"start":{"line":34,"column":29},"end":{"line":44,"column":3}},"line":34},"3":{"name":"(anonymous_3)","decl":{"start":{"line":46,"column":18},"end":{"line":46,"column":19}},"loc":{"start":{"line":46,"column":24},"end":{"line":52,"column":3}},"line":46},"4":{"name":"(anonymous_4)","decl":{"start":{"line":54,"column":27},"end":{"line":54,"column":28}},"loc":{"start":{"line":54,"column":47},"end":{"line":56,"column":3}},"line":54},"5":{"name":"(anonymous_5)","decl":{"start":{"line":88,"column":84},"end":{"line":88,"column":85}},"loc":{"start":{"line":88,"column":93},"end":{"line":101,"column":15}},"line":88},"6":{"name":"(anonymous_6)","decl":{"start":{"line":91,"column":33},"end":{"line":91,"column":34}},"loc":{"start":{"line":91,"column":45},"end":{"line":98,"column":21}},"line":91}},"branchMap":{"0":{"loc":{"start":{"line":35,"column":4},"end":{"line":37,"column":5}},"type":"if","locations":[{"start":{"line":35,"column":4},"end":{"line":37,"column":5}},{"start":{},"end":{}}],"line":35},"1":{"loc":{"start":{"line":38,"column":4},"end":{"line":40,"column":5}},"type":"if","locations":[{"start":{"line":38,"column":4},"end":{"line":40,"column":5}},{"start":{},"end":{}}],"line":38},"2":{"loc":{"start":{"line":41,"column":4},"end":{"line":43,"column":5}},"type":"if","locations":[{"start":{"line":41,"column":4},"end":{"line":43,"column":5}},{"start":{},"end":{}}],"line":41},"3":{"loc":{"start":{"line":41,"column":8},"end":{"line":41,"column":54}},"type":"binary-expr","locations":[{"start":{"line":41,"column":8},"end":{"line":41,"column":26}},{"start":{"line":41,"column":30},"end":{"line":41,"column":54}}],"line":41},"4":{"loc":{"start":{"line":48,"column":4},"end":{"line":51,"column":5}},"type":"if","locations":[{"start":{"line":48,"column":4},"end":{"line":51,"column":5}},{"start":{},"end":{}}],"line":48}},"s":{"0":0,"1":0,"2":0,"3":0,"4":0,"5":0,"6":0,"7":0,"8":0,"9":0,"10":0,"11":0,"12":0,"13":0,"14":0,"15":0,"16":0,"17":0,"18":0,"19":0,"20":0,"21":0,"22":0,"23":0,"24":0},"f":{"0":0,"1":0,"2":0,"3":0,"4":0,"5":0,"6":0},"b":{"0":[0,0],"1":[0,0],"2":[0,0],"3":[0,0],"4":[0,0]}}
,"/Users/jeffpettis/Codesmith Part-time/Sessions/client/components/UpcomingEvents.jsx": {"path":"/Users/jeffpettis/Codesmith Part-time/Sessions/client/components/UpcomingEvents.jsx","statementMap":{"0":{"start":{"line":15,"column":13},"end":{"line":31,"column":1}},"1":{"start":{"line":33,"column":16},"end":{"line":36,"column":1}},"2":{"start":{"line":39,"column":2},"end":{"line":39,"column":33}},"3":{"start":{"line":43,"column":27},"end":{"line":120,"column":1}},"4":{"start":{"line":45,"column":26},"end":{"line":45,"column":37}},"5":{"start":{"line":46,"column":26},"end":{"line":46,"column":36}},"6":{"start":{"line":49,"column":27},"end":{"line":51,"column":3}},"7":{"start":{"line":50,"column":4},"end":{"line":50,"column":21}},"8":{"start":{"line":53,"column":2},"end":{"line":119,"column":4}},"9":{"start":{"line":82,"column":16},"end":{"line":95,"column":18}},"10":{"start":{"line":85,"column":36},"end":{"line":85,"column":50}},"11":{"start":{"line":86,"column":22},"end":{"line":92,"column":24}}},"fnMap":{"0":{"name":"createData","decl":{"start":{"line":38,"column":9},"end":{"line":38,"column":19}},"loc":{"start":{"line":38,"column":41},"end":{"line":40,"column":1}},"line":38},"1":{"name":"(anonymous_1)","decl":{"start":{"line":43,"column":27},"end":{"line":43,"column":28}},"loc":{"start":{"line":43,"column":33},"end":{"line":120,"column":1}},"line":43},"2":{"name":"(anonymous_2)","decl":{"start":{"line":49,"column":27},"end":{"line":49,"column":28}},"loc":{"start":{"line":49,"column":47},"end":{"line":51,"column":3}},"line":49},"3":{"name":"(anonymous_3)","decl":{"start":{"line":81,"column":84},"end":{"line":81,"column":85}},"loc":{"start":{"line":81,"column":93},"end":{"line":96,"column":15}},"line":81},"4":{"name":"(anonymous_4)","decl":{"start":{"line":84,"column":33},"end":{"line":84,"column":34}},"loc":{"start":{"line":84,"column":45},"end":{"line":93,"column":21}},"line":84}},"branchMap":{"0":{"loc":{"start":{"line":88,"column":27},"end":{"line":90,"column":35}},"type":"cond-expr","locations":[{"start":{"line":89,"column":30},"end":{"line":89,"column":50}},{"start":{"line":90,"column":30},"end":{"line":90,"column":35}}],"line":88},"1":{"loc":{"start":{"line":88,"column":27},"end":{"line":88,"column":69}},"type":"binary-expr","locations":[{"start":{"line":88,"column":27},"end":{"line":88,"column":40}},{"start":{"line":88,"column":44},"end":{"line":88,"column":69}}],"line":88}},"s":{"0":0,"1":0,"2":0,"3":0,"4":0,"5":0,"6":0,"7":0,"8":0,"9":0,"10":0,"11":0},"f":{"0":0,"1":0,"2":0,"3":0,"4":0},"b":{"0":[0,0],"1":[0,0]}}
,"/Users/jeffpettis/Codesmith Part-time/Sessions/client/components/WorkoutDetailsTile.jsx": {"path":"/Users/jeffpettis/Codesmith Part-time/Sessions/client/components/WorkoutDetailsTile.jsx","statementMap":{"0":{"start":{"line":18,"column":16},"end":{"line":21,"column":1}},"1":{"start":{"line":23,"column":27},"end":{"line":120,"column":1}},"2":{"start":{"line":25,"column":4},"end":{"line":25,"column":38}},"3":{"start":{"line":27,"column":26},"end":{"line":27,"column":37}},"4":{"start":{"line":28,"column":40},"end":{"line":28,"column":51}},"5":{"start":{"line":29,"column":27},"end":{"line":31,"column":3}},"6":{"start":{"line":30,"column":4},"end":{"line":30,"column":21}},"7":{"start":{"line":33,"column":2},"end":{"line":119,"column":4}},"8":{"start":{"line":55,"column":14},"end":{"line":57,"column":17}},"9":{"start":{"line":79,"column":18},"end":{"line":96,"column":20}},"10":{"start":{"line":86,"column":38},"end":{"line":86,"column":76}},"11":{"start":{"line":88,"column":38},"end":{"line":88,"column":52}},"12":{"start":{"line":89,"column":24},"end":{"line":93,"column":26}}},"fnMap":{"0":{"name":"(anonymous_0)","decl":{"start":{"line":23,"column":27},"end":{"line":23,"column":28}},"loc":{"start":{"line":23,"column":33},"end":{"line":120,"column":1}},"line":23},"1":{"name":"(anonymous_1)","decl":{"start":{"line":29,"column":27},"end":{"line":29,"column":28}},"loc":{"start":{"line":29,"column":47},"end":{"line":31,"column":3}},"line":29},"2":{"name":"(anonymous_2)","decl":{"start":{"line":54,"column":21},"end":{"line":54,"column":22}},"loc":{"start":{"line":54,"column":27},"end":{"line":58,"column":13}},"line":54},"3":{"name":"(anonymous_3)","decl":{"start":{"line":78,"column":21},"end":{"line":78,"column":22}},"loc":{"start":{"line":78,"column":33},"end":{"line":97,"column":17}},"line":78},"4":{"name":"(anonymous_4)","decl":{"start":{"line":86,"column":31},"end":{"line":86,"column":32}},"loc":{"start":{"line":86,"column":38},"end":{"line":86,"column":76}},"line":86},"5":{"name":"(anonymous_5)","decl":{"start":{"line":87,"column":35},"end":{"line":87,"column":36}},"loc":{"start":{"line":87,"column":47},"end":{"line":94,"column":23}},"line":87}},"branchMap":{},"s":{"0":0,"1":0,"2":0,"3":0,"4":0,"5":0,"6":0,"7":0,"8":0,"9":0,"10":0,"11":0,"12":0},"f":{"0":0,"1":0,"2":0,"3":0,"4":0,"5":0},"b":{}}
,"/Users/jeffpettis/Codesmith Part-time/Sessions/client/components/customcomponents/CustomBoxComponent.jsx": {"path":"/Users/jeffpettis/Codesmith Part-time/Sessions/client/components/customcomponents/CustomBoxComponent.jsx","statementMap":{"0":{"start":{"line":39,"column":16},"end":{"line":42,"column":1}},"1":{"start":{"line":45,"column":27},"end":{"line":147,"column":1}},"2":{"start":{"line":46,"column":41},"end":{"line":46,"column":46}},"3":{"start":{"line":48,"column":26},"end":{"line":48,"column":37}},"4":{"start":{"line":50,"column":40},"end":{"line":50,"column":51}},"5":{"start":{"line":52,"column":56},"end":{"line":52,"column":71}},"6":{"start":{"line":55,"column":23},"end":{"line":65,"column":3}},"7":{"start":{"line":56,"column":4},"end":{"line":58,"column":5}},"8":{"start":{"line":57,"column":6},"end":{"line":57,"column":24}},"9":{"start":{"line":59,"column":4},"end":{"line":61,"column":5}},"10":{"start":{"line":60,"column":6},"end":{"line":60,"column":24}},"11":{"start":{"line":62,"column":4},"end":{"line":64,"column":5}},"12":{"start":{"line":63,"column":6},"end":{"line":63,"column":25}},"13":{"start":{"line":67,"column":2},"end":{"line":74,"column":9}},"14":{"start":{"line":68,"column":4},"end":{"line":68,"column":52}},"15":{"start":{"line":70,"column":4},"end":{"line":73,"column":5}},"16":{"start":{"line":71,"column":6},"end":{"line":71,"column":21}},"17":{"start":{"line":72,"column":6},"end":{"line":72,"column":35}},"18":{"start":{"line":77,"column":27},"end":{"line":79,"column":3}},"19":{"start":{"line":78,"column":4},"end":{"line":78,"column":21}},"20":{"start":{"line":80,"column":2},"end":{"line":146,"column":4}},"21":{"start":{"line":109,"column":16},"end":{"line":122,"column":18}},"22":{"start":{"line":112,"column":36},"end":{"line":112,"column":50}},"23":{"start":{"line":113,"column":22},"end":{"line":119,"column":24}}},"fnMap":{"0":{"name":"(anonymous_0)","decl":{"start":{"line":45,"column":27},"end":{"line":45,"column":28}},"loc":{"start":{"line":45,"column":38},"end":{"line":147,"column":1}},"line":45},"1":{"name":"(anonymous_1)","decl":{"start":{"line":55,"column":23},"end":{"line":55,"column":24}},"loc":{"start":{"line":55,"column":29},"end":{"line":65,"column":3}},"line":55},"2":{"name":"(anonymous_2)","decl":{"start":{"line":67,"column":12},"end":{"line":67,"column":13}},"loc":{"start":{"line":67,"column":18},"end":{"line":74,"column":3}},"line":67},"3":{"name":"(anonymous_3)","decl":{"start":{"line":77,"column":27},"end":{"line":77,"column":28}},"loc":{"start":{"line":77,"column":47},"end":{"line":79,"column":3}},"line":77},"4":{"name":"(anonymous_4)","decl":{"start":{"line":108,"column":84},"end":{"line":108,"column":85}},"loc":{"start":{"line":108,"column":93},"end":{"line":123,"column":15}},"line":108},"5":{"name":"(anonymous_5)","decl":{"start":{"line":111,"column":33},"end":{"line":111,"column":34}},"loc":{"start":{"line":111,"column":45},"end":{"line":120,"column":21}},"line":111}},"branchMap":{"0":{"loc":{"start":{"line":56,"column":4},"end":{"line":58,"column":5}},"type":"if","locations":[{"start":{"line":56,"column":4},"end":{"line":58,"column":5}},{"start":{},"end":{}}],"line":56},"1":{"loc":{"start":{"line":59,"column":4},"end":{"line":61,"column":5}},"type":"if","locations":[{"start":{"line":59,"column":4},"end":{"line":61,"column":5}},{"start":{},"end":{}}],"line":59},"2":{"loc":{"start":{"line":62,"column":4},"end":{"line":64,"column":5}},"type":"if","locations":[{"start":{"line":62,"column":4},"end":{"line":64,"column":5}},{"start":{},"end":{}}],"line":62},"3":{"loc":{"start":{"line":62,"column":8},"end":{"line":62,"column":54}},"type":"binary-expr","locations":[{"start":{"line":62,"column":8},"end":{"line":62,"column":26}},{"start":{"line":62,"column":30},"end":{"line":62,"column":54}}],"line":62},"4":{"loc":{"start":{"line":70,"column":4},"end":{"line":73,"column":5}},"type":"if","locations":[{"start":{"line":70,"column":4},"end":{"line":73,"column":5}},{"start":{},"end":{}}],"line":70},"5":{"loc":{"start":{"line":115,"column":27},"end":{"line":117,"column":35}},"type":"cond-expr","locations":[{"start":{"line":116,"column":30},"end":{"line":116,"column":50}},{"start":{"line":117,"column":30},"end":{"line":117,"column":35}}],"line":115},"6":{"loc":{"start":{"line":115,"column":27},"end":{"line":115,"column":69}},"type":"binary-expr","locations":[{"start":{"line":115,"column":27},"end":{"line":115,"column":40}},{"start":{"line":115,"column":44},"end":{"line":115,"column":69}}],"line":115}},"s":{"0":0,"1":0,"2":0,"3":0,"4":0,"5":0,"6":0,"7":0,"8":0,"9":0,"10":0,"11":0,"12":0,"13":0,"14":0,"15":0,"16":0,"17":0,"18":0,"19":0,"20":0,"21":0,"22":0,"23":0},"f":{"0":0,"1":0,"2":0,"3":0,"4":0,"5":0},"b":{"0":[0,0],"1":[0,0],"2":[0,0],"3":[0,0],"4":[0,0],"5":[0,0],"6":[0,0]}}
,"/Users/jeffpettis/Codesmith Part-time/Sessions/client/components/customcomponents/CustomFooterButton.jsx": {"path":"/Users/jeffpettis/Codesmith Part-time/Sessions/client/components/customcomponents/CustomFooterButton.jsx","statementMap":{"0":{"start":{"line":4,"column":34},"end":{"line":6,"column":2}}},"fnMap":{},"branchMap":{},"s":{"0":0},"f":{},"b":{}}
,"/Users/jeffpettis/Codesmith Part-time/Sessions/client/components/customcomponents/customiconbutton.jsx": {"path":"/Users/jeffpettis/Codesmith Part-time/Sessions/client/components/customcomponents/customiconbutton.jsx","statementMap":{"0":{"start":{"line":4,"column":32},"end":{"line":8,"column":2}}},"fnMap":{},"branchMap":{},"s":{"0":0},"f":{},"b":{}}
,"/Users/jeffpettis/Codesmith Part-time/Sessions/client/components/errorboundaries/error.jsx": {"path":"/Users/jeffpettis/Codesmith Part-time/Sessions/client/components/errorboundaries/error.jsx","statementMap":{"0":{"start":{"line":4,"column":10},"end":{"line":4,"column":42}},"1":{"start":{"line":7,"column":4},"end":{"line":10,"column":7}},"2":{"start":{"line":14,"column":4},"end":{"line":25,"column":5}},"3":{"start":{"line":15,"column":6},"end":{"line":24,"column":8}},"4":{"start":{"line":27,"column":4},"end":{"line":27,"column":31}}},"fnMap":{"0":{"name":"(anonymous_0)","decl":{"start":{"line":6,"column":2},"end":{"line":6,"column":3}},"loc":{"start":{"line":6,"column":38},"end":{"line":11,"column":3}},"line":6},"1":{"name":"(anonymous_1)","decl":{"start":{"line":13,"column":2},"end":{"line":13,"column":3}},"loc":{"start":{"line":13,"column":11},"end":{"line":28,"column":3}},"line":13}},"branchMap":{"0":{"loc":{"start":{"line":14,"column":4},"end":{"line":25,"column":5}},"type":"if","locations":[{"start":{"line":14,"column":4},"end":{"line":25,"column":5}},{"start":{},"end":{}}],"line":14},"1":{"loc":{"start":{"line":19,"column":13},"end":{"line":19,"column":60}},"type":"binary-expr","locations":[{"start":{"line":19,"column":13},"end":{"line":19,"column":29}},{"start":{"line":19,"column":33},"end":{"line":19,"column":60}}],"line":19}},"s":{"0":0,"1":0,"2":0,"3":0,"4":0},"f":{"0":0,"1":0},"b":{"0":[0,0],"1":[0,0]}}
,"/Users/jeffpettis/Codesmith Part-time/Sessions/client/components/global/AppBar.jsx": {"path":"/Users/jeffpettis/Codesmith Part-time/Sessions/client/components/global/AppBar.jsx","statementMap":{"0":{"start":{"line":19,"column":14},"end":{"line":19,"column":52}},"1":{"start":{"line":20,"column":17},"end":{"line":20,"column":62}},"2":{"start":{"line":22,"column":25},"end":{"line":170,"column":1}},"3":{"start":{"line":23,"column":31},"end":{"line":23,"column":53}},"4":{"start":{"line":24,"column":40},"end":{"line":24,"column":54}},"5":{"start":{"line":25,"column":42},"end":{"line":25,"column":56}},"6":{"start":{"line":26,"column":19},"end":{"line":26,"column":32}},"7":{"start":{"line":27,"column":28},"end":{"line":29,"column":3}},"8":{"start":{"line":28,"column":4},"end":{"line":28,"column":40}},"9":{"start":{"line":30,"column":29},"end":{"line":32,"column":3}},"10":{"start":{"line":31,"column":4},"end":{"line":31,"column":41}},"11":{"start":{"line":34,"column":29},"end":{"line":36,"column":3}},"12":{"start":{"line":35,"column":4},"end":{"line":35,"column":25}},"13":{"start":{"line":38,"column":30},"end":{"line":45,"column":3}},"14":{"start":{"line":39,"column":4},"end":{"line":43,"column":5}},"15":{"start":{"line":40,"column":18},"end":{"line":40,"column":44}},"16":{"start":{"line":41,"column":6},"end":{"line":41,"column":19}},"17":{"start":{"line":42,"column":6},"end":{"line":42,"column":27}},"18":{"start":{"line":44,"column":4},"end":{"line":44,"column":26}},"19":{"start":{"line":47,"column":2},"end":{"line":169,"column":4}},"20":{"start":{"line":97,"column":16},"end":{"line":99,"column":27}},"21":{"start":{"line":123,"column":14},"end":{"line":128,"column":23}},"22":{"start":{"line":154,"column":16},"end":{"line":162,"column":17}},"23":{"start":{"line":155,"column":57},"end":{"line":155,"column":82}},"24":{"start":{"line":159,"column":57},"end":{"line":159,"column":83}}},"fnMap":{"0":{"name":"(anonymous_0)","decl":{"start":{"line":22,"column":25},"end":{"line":22,"column":26}},"loc":{"start":{"line":22,"column":31},"end":{"line":170,"column":1}},"line":22},"1":{"name":"(anonymous_1)","decl":{"start":{"line":27,"column":28},"end":{"line":27,"column":29}},"loc":{"start":{"line":27,"column":39},"end":{"line":29,"column":3}},"line":27},"2":{"name":"(anonymous_2)","decl":{"start":{"line":30,"column":29},"end":{"line":30,"column":30}},"loc":{"start":{"line":30,"column":40},"end":{"line":32,"column":3}},"line":30},"3":{"name":"(anonymous_3)","decl":{"start":{"line":34,"column":29},"end":{"line":34,"column":30}},"loc":{"start":{"line":34,"column":35},"end":{"line":36,"column":3}},"line":34},"4":{"name":"(anonymous_4)","decl":{"start":{"line":38,"column":30},"end":{"line":38,"column":31}},"loc":{"start":{"line":38,"column":48},"end":{"line":45,"column":3}},"line":38},"5":{"name":"(anonymous_5)","decl":{"start":{"line":96,"column":25},"end":{"line":96,"column":26}},"loc":{"start":{"line":97,"column":16},"end":{"line":99,"column":27}},"line":97},"6":{"name":"(anonymous_6)","decl":{"start":{"line":122,"column":23},"end":{"line":122,"column":24}},"loc":{"start":{"line":123,"column":14},"end":{"line":128,"column":23}},"line":123},"7":{"name":"(anonymous_7)","decl":{"start":{"line":153,"column":28},"end":{"line":153,"column":29}},"loc":{"start":{"line":154,"column":16},"end":{"line":162,"column":17}},"line":154},"8":{"name":"(anonymous_8)","decl":{"start":{"line":155,"column":51},"end":{"line":155,"column":52}},"loc":{"start":{"line":155,"column":57},"end":{"line":155,"column":82}},"line":155},"9":{"name":"(anonymous_9)","decl":{"start":{"line":159,"column":51},"end":{"line":159,"column":52}},"loc":{"start":{"line":159,"column":57},"end":{"line":159,"column":83}},"line":159}},"branchMap":{"0":{"loc":{"start":{"line":39,"column":4},"end":{"line":43,"column":5}},"type":"if","locations":[{"start":{"line":39,"column":4},"end":{"line":43,"column":5}},{"start":{},"end":{}}],"line":39},"1":{"loc":{"start":{"line":154,"column":16},"end":{"line":162,"column":17}},"type":"cond-expr","locations":[{"start":{"line":155,"column":18},"end":{"line":157,"column":29}},{"start":{"line":159,"column":18},"end":{"line":161,"column":29}}],"line":154}},"s":{"0":0,"1":0,"2":0,"3":0,"4":0,"5":0,"6":0,"7":0,"8":0,"9":0,"10":0,"11":0,"12":0,"13":0,"14":0,"15":0,"16":0,"17":0,"18":0,"19":0,"20":0,"21":0,"22":0,"23":0,"24":0},"f":{"0":0,"1":0,"2":0,"3":0,"4":0,"5":0,"6":0,"7":0,"8":0,"9":0},"b":{"0":[0,0],"1":[0,0]}}
,"/Users/jeffpettis/Codesmith Part-time/Sessions/client/components/global/FooterNavContent.jsx": {"path":"/Users/jeffpettis/Codesmith Part-time/Sessions/client/components/global/FooterNavContent.jsx","statementMap":{"0":{"start":{"line":5,"column":25},"end":{"line":22,"column":1}},"1":{"start":{"line":6,"column":2},"end":{"line":21,"column":4}}},"fnMap":{"0":{"name":"(anonymous_0)","decl":{"start":{"line":5,"column":25},"end":{"line":5,"column":26}},"loc":{"start":{"line":5,"column":31},"end":{"line":22,"column":1}},"line":5}},"branchMap":{},"s":{"0":0,"1":0},"f":{"0":0},"b":{}}
,"/Users/jeffpettis/Codesmith Part-time/Sessions/client/hooks/useDateAndWorkout.js": {"path":"/Users/jeffpettis/Codesmith Part-time/Sessions/client/hooks/useDateAndWorkout.js","statementMap":{"0":{"start":{"line":7,"column":24},"end":{"line":38,"column":1}},"1":{"start":{"line":8,"column":2},"end":{"line":37,"column":3}},"2":{"start":{"line":10,"column":23},"end":{"line":12,"column":8}},"3":{"start":{"line":11,"column":8},"end":{"line":11,"column":37}},"4":{"start":{"line":13,"column":6},"end":{"line":13,"column":36}},"5":{"start":{"line":14,"column":6},"end":{"line":14,"column":22}},"6":{"start":{"line":16,"column":27},"end":{"line":22,"column":8}},"7":{"start":{"line":17,"column":8},"end":{"line":21,"column":9}},"8":{"start":{"line":18,"column":10},"end":{"line":18,"column":32}},"9":{"start":{"line":20,"column":10},"end":{"line":20,"column":39}},"10":{"start":{"line":23,"column":6},"end":{"line":23,"column":26}},"11":{"start":{"line":25,"column":35},"end":{"line":25,"column":49}},"12":{"start":{"line":26,"column":6},"end":{"line":26,"column":34}},"13":{"start":{"line":28,"column":37},"end":{"line":28,"column":39}},"14":{"start":{"line":29,"column":6},"end":{"line":33,"column":7}},"15":{"start":{"line":30,"column":8},"end":{"line":32,"column":9}},"16":{"start":{"line":31,"column":10},"end":{"line":31,"column":66}},"17":{"start":{"line":34,"column":6},"end":{"line":34,"column":36}},"18":{"start":{"line":36,"column":6},"end":{"line":36,"column":19}},"19":{"start":{"line":41,"column":26},"end":{"line":79,"column":1}},"20":{"start":{"line":43,"column":28},"end":{"line":43,"column":42}},"21":{"start":{"line":44,"column":34},"end":{"line":44,"column":74}},"22":{"start":{"line":46,"column":2},"end":{"line":77,"column":14}},"23":{"start":{"line":47,"column":23},"end":{"line":47,"column":44}},"24":{"start":{"line":48,"column":19},"end":{"line":48,"column":36}},"25":{"start":{"line":49,"column":27},"end":{"line":70,"column":5}},"26":{"start":{"line":50,"column":6},"end":{"line":69,"column":7}},"27":{"start":{"line":53,"column":25},"end":{"line":55,"column":10}},"28":{"start":{"line":56,"column":8},"end":{"line":62,"column":9}},"29":{"start":{"line":57,"column":10},"end":{"line":57,"column":54}},"30":{"start":{"line":58,"column":10},"end":{"line":61,"column":13}},"31":{"start":{"line":64,"column":8},"end":{"line":68,"column":9}},"32":{"start":{"line":65,"column":10},"end":{"line":65,"column":46}},"33":{"start":{"line":67,"column":10},"end":{"line":67,"column":53}},"34":{"start":{"line":72,"column":4},"end":{"line":72,"column":21}},"35":{"start":{"line":74,"column":4},"end":{"line":76,"column":6}},"36":{"start":{"line":75,"column":6},"end":{"line":75,"column":25}},"37":{"start":{"line":78,"column":2},"end":{"line":78,"column":52}}},"fnMap":{"0":{"name":"(anonymous_0)","decl":{"start":{"line":7,"column":24},"end":{"line":7,"column":25}},"loc":{"start":{"line":7,"column":43},"end":{"line":38,"column":1}},"line":7},"1":{"name":"(anonymous_1)","decl":{"start":{"line":10,"column":33},"end":{"line":10,"column":34}},"loc":{"start":{"line":10,"column":41},"end":{"line":12,"column":7}},"line":10},"2":{"name":"(anonymous_2)","decl":{"start":{"line":16,"column":37},"end":{"line":16,"column":38}},"loc":{"start":{"line":16,"column":45},"end":{"line":22,"column":7}},"line":16},"3":{"name":"(anonymous_3)","decl":{"start":{"line":41,"column":26},"end":{"line":41,"column":27}},"loc":{"start":{"line":41,"column":49},"end":{"line":79,"column":1}},"line":41},"4":{"name":"(anonymous_4)","decl":{"start":{"line":46,"column":12},"end":{"line":46,"column":13}},"loc":{"start":{"line":46,"column":18},"end":{"line":77,"column":3}},"line":46},"5":{"name":"(anonymous_5)","decl":{"start":{"line":49,"column":27},"end":{"line":49,"column":28}},"loc":{"start":{"line":49,"column":39},"end":{"line":70,"column":5}},"line":49},"6":{"name":"(anonymous_6)","decl":{"start":{"line":74,"column":11},"end":{"line":74,"column":12}},"loc":{"start":{"line":74,"column":17},"end":{"line":76,"column":5}},"line":74}},"branchMap":{"0":{"loc":{"start":{"line":8,"column":2},"end":{"line":37,"column":3}},"type":"switch","locations":[{"start":{"line":9,"column":4},"end":{"line":14,"column":22}},{"start":{"line":15,"column":4},"end":{"line":23,"column":26}},{"start":{"line":24,"column":4},"end":{"line":26,"column":34}},{"start":{"line":27,"column":4},"end":{"line":34,"column":36}},{"start":{"line":35,"column":4},"end":{"line":36,"column":19}}],"line":8},"1":{"loc":{"start":{"line":17,"column":8},"end":{"line":21,"column":9}},"type":"if","locations":[{"start":{"line":17,"column":8},"end":{"line":21,"column":9}},{"start":{"line":19,"column":15},"end":{"line":21,"column":9}}],"line":17},"2":{"loc":{"start":{"line":30,"column":8},"end":{"line":32,"column":9}},"type":"if","locations":[{"start":{"line":30,"column":8},"end":{"line":32,"column":9}},{"start":{},"end":{}}],"line":30},"3":{"loc":{"start":{"line":56,"column":8},"end":{"line":62,"column":9}},"type":"if","locations":[{"start":{"line":56,"column":8},"end":{"line":62,"column":9}},{"start":{},"end":{}}],"line":56},"4":{"loc":{"start":{"line":64,"column":8},"end":{"line":68,"column":9}},"type":"if","locations":[{"start":{"line":64,"column":8},"end":{"line":68,"column":9}},{"start":{"line":66,"column":15},"end":{"line":68,"column":9}}],"line":64}},"s":{"0":0,"1":0,"2":0,"3":0,"4":0,"5":0,"6":0,"7":0,"8":0,"9":0,"10":0,"11":0,"12":0,"13":0,"14":0,"15":0,"16":0,"17":0,"18":0,"19":0,"20":0,"21":0,"22":0,"23":0,"24":0,"25":0,"26":0,"27":0,"28":0,"29":0,"30":0,"31":0,"32":0,"33":0,"34":0,"35":0,"36":0,"37":0},"f":{"0":0,"1":0,"2":0,"3":0,"4":0,"5":0,"6":0},"b":{"0":[0,0,0,0,0],"1":[0,0],"2":[0,0],"3":[0,0],"4":[0,0]}}
,"/Users/jeffpettis/Codesmith Part-time/Sessions/client/hooks/useRows.js": {"path":"/Users/jeffpettis/Codesmith Part-time/Sessions/client/hooks/useRows.js","statementMap":{"0":{"start":{"line":3,"column":16},"end":{"line":37,"column":1}},"1":{"start":{"line":5,"column":40},"end":{"line":5,"column":54}},"2":{"start":{"line":8,"column":56},"end":{"line":8,"column":71}},"3":{"start":{"line":10,"column":2},"end":{"line":34,"column":9}},"4":{"start":{"line":12,"column":25},"end":{"line":22,"column":5}},"5":{"start":{"line":13,"column":6},"end":{"line":15,"column":7}},"6":{"start":{"line":14,"column":8},"end":{"line":14,"column":26}},"7":{"start":{"line":16,"column":6},"end":{"line":18,"column":7}},"8":{"start":{"line":17,"column":8},"end":{"line":17,"column":26}},"9":{"start":{"line":19,"column":6},"end":{"line":21,"column":7}},"10":{"start":{"line":20,"column":8},"end":{"line":20,"column":27}},"11":{"start":{"line":24,"column":4},"end":{"line":24,"column":52}},"12":{"start":{"line":26,"column":4},"end":{"line":29,"column":5}},"13":{"start":{"line":27,"column":6},"end":{"line":27,"column":21}},"14":{"start":{"line":28,"column":6},"end":{"line":28,"column":35}},"15":{"start":{"line":31,"column":4},"end":{"line":33,"column":6}},"16":{"start":{"line":32,"column":6},"end":{"line":32,"column":57}},"17":{"start":{"line":36,"column":2},"end":{"line":36,"column":25}}},"fnMap":{"0":{"name":"(anonymous_0)","decl":{"start":{"line":3,"column":16},"end":{"line":3,"column":17}},"loc":{"start":{"line":3,"column":26},"end":{"line":37,"column":1}},"line":3},"1":{"name":"(anonymous_1)","decl":{"start":{"line":10,"column":12},"end":{"line":10,"column":13}},"loc":{"start":{"line":10,"column":18},"end":{"line":34,"column":3}},"line":10},"2":{"name":"(anonymous_2)","decl":{"start":{"line":12,"column":25},"end":{"line":12,"column":26}},"loc":{"start":{"line":12,"column":31},"end":{"line":22,"column":5}},"line":12},"3":{"name":"(anonymous_3)","decl":{"start":{"line":31,"column":11},"end":{"line":31,"column":12}},"loc":{"start":{"line":31,"column":17},"end":{"line":33,"column":5}},"line":31}},"branchMap":{"0":{"loc":{"start":{"line":13,"column":6},"end":{"line":15,"column":7}},"type":"if","locations":[{"start":{"line":13,"column":6},"end":{"line":15,"column":7}},{"start":{},"end":{}}],"line":13},"1":{"loc":{"start":{"line":16,"column":6},"end":{"line":18,"column":7}},"type":"if","locations":[{"start":{"line":16,"column":6},"end":{"line":18,"column":7}},{"start":{},"end":{}}],"line":16},"2":{"loc":{"start":{"line":19,"column":6},"end":{"line":21,"column":7}},"type":"if","locations":[{"start":{"line":19,"column":6},"end":{"line":21,"column":7}},{"start":{},"end":{}}],"line":19},"3":{"loc":{"start":{"line":19,"column":10},"end":{"line":19,"column":56}},"type":"binary-expr","locations":[{"start":{"line":19,"column":10},"end":{"line":19,"column":28}},{"start":{"line":19,"column":32},"end":{"line":19,"column":56}}],"line":19},"4":{"loc":{"start":{"line":26,"column":4},"end":{"line":29,"column":5}},"type":"if","locations":[{"start":{"line":26,"column":4},"end":{"line":29,"column":5}},{"start":{},"end":{}}],"line":26}},"s":{"0":0,"1":0,"2":0,"3":0,"4":0,"5":0,"6":0,"7":0,"8":0,"9":0,"10":0,"11":0,"12":0,"13":0,"14":0,"15":0,"16":0,"17":0},"f":{"0":0,"1":0,"2":0,"3":0},"b":{"0":[0,0],"1":[0,0],"2":[0,0],"3":[0,0],"4":[0,0]}}
,"/Users/jeffpettis/Codesmith Part-time/Sessions/client/hooks/useWorkoutStatus.js": {"path":"/Users/jeffpettis/Codesmith Part-time/Sessions/client/hooks/useWorkoutStatus.js","statementMap":{"0":{"start":{"line":5,"column":25},"end":{"line":36,"column":1}},"1":{"start":{"line":6,"column":44},"end":{"line":6,"column":56}},"2":{"start":{"line":7,"column":44},"end":{"line":7,"column":56}},"3":{"start":{"line":8,"column":2},"end":{"line":34,"column":9}},"4":{"start":{"line":9,"column":23},"end":{"line":9,"column":44}},"5":{"start":{"line":10,"column":19},"end":{"line":10,"column":36}},"6":{"start":{"line":11,"column":33},"end":{"line":27,"column":5}},"7":{"start":{"line":12,"column":6},"end":{"line":26,"column":7}},"8":{"start":{"line":13,"column":25},"end":{"line":15,"column":10}},"9":{"start":{"line":16,"column":8},"end":{"line":19,"column":9}},"10":{"start":{"line":17,"column":10},"end":{"line":17,"column":56}},"11":{"start":{"line":18,"column":10},"end":{"line":18,"column":56}},"12":{"start":{"line":21,"column":8},"end":{"line":25,"column":9}},"13":{"start":{"line":22,"column":10},"end":{"line":22,"column":46}},"14":{"start":{"line":24,"column":10},"end":{"line":24,"column":53}},"15":{"start":{"line":29,"column":4},"end":{"line":29,"column":27}},"16":{"start":{"line":31,"column":4},"end":{"line":33,"column":6}},"17":{"start":{"line":32,"column":6},"end":{"line":32,"column":25}},"18":{"start":{"line":35,"column":2},"end":{"line":35,"column":78}}},"fnMap":{"0":{"name":"(anonymous_0)","decl":{"start":{"line":5,"column":25},"end":{"line":5,"column":26}},"loc":{"start":{"line":5,"column":31},"end":{"line":36,"column":1}},"line":5},"1":{"name":"(anonymous_1)","decl":{"start":{"line":8,"column":12},"end":{"line":8,"column":13}},"loc":{"start":{"line":8,"column":18},"end":{"line":34,"column":3}},"line":8},"2":{"name":"(anonymous_2)","decl":{"start":{"line":11,"column":33},"end":{"line":11,"column":34}},"loc":{"start":{"line":11,"column":45},"end":{"line":27,"column":5}},"line":11},"3":{"name":"(anonymous_3)","decl":{"start":{"line":31,"column":11},"end":{"line":31,"column":12}},"loc":{"start":{"line":31,"column":17},"end":{"line":33,"column":5}},"line":31}},"branchMap":{"0":{"loc":{"start":{"line":16,"column":8},"end":{"line":19,"column":9}},"type":"if","locations":[{"start":{"line":16,"column":8},"end":{"line":19,"column":9}},{"start":{},"end":{}}],"line":16},"1":{"loc":{"start":{"line":21,"column":8},"end":{"line":25,"column":9}},"type":"if","locations":[{"start":{"line":21,"column":8},"end":{"line":25,"column":9}},{"start":{"line":23,"column":15},"end":{"line":25,"column":9}}],"line":21}},"s":{"0":0,"1":0,"2":0,"3":0,"4":0,"5":0,"6":0,"7":0,"8":0,"9":0,"10":0,"11":0,"12":0,"13":0,"14":0,"15":0,"16":0,"17":0,"18":0},"f":{"0":0,"1":0,"2":0,"3":0},"b":{"0":[0,0],"1":[0,0]}}
}
